<?xml version="1.0" encoding="utf-8"?><testsuites name="pytest tests"><testsuite name="pytest" errors="0" failures="0" skipped="0" tests="11" time="0.563" timestamp="2026-01-17T14:04:22.366747+00:00" hostname="agent-env-cc51093e-3842-4a72-9c3d-eb89d3c3985a"><testcase classname="tests.test_newsletter_api.TestAPIHealth" name="test_api_root_returns_welcome" time="0.065" /><testcase classname="tests.test_newsletter_api.TestAPIHealth" name="test_api_status_endpoint" time="0.038" /><testcase classname="tests.test_newsletter_api.TestNewsletterAPI" name="test_newsletter_subscribe_success" time="0.040" /><testcase classname="tests.test_newsletter_api.TestNewsletterAPI" name="test_newsletter_duplicate_email_handled" time="0.071" /><testcase classname="tests.test_newsletter_api.TestNewsletterAPI" name="test_newsletter_invalid_email_rejected" time="0.034" /><testcase classname="tests.test_newsletter_api.TestNewsletterAPI" name="test_newsletter_empty_email_rejected" time="0.037" /><testcase classname="tests.test_newsletter_api.TestNewsletterAPI" name="test_newsletter_get_subscriptions" time="0.039" /><testcase classname="tests.test_newsletter_api.TestContactAPI" name="test_contact_form_submission" time="0.040" /><testcase classname="tests.test_newsletter_api.TestContactAPI" name="test_contact_form_validation" time="0.033" /><testcase classname="tests.test_newsletter_api.TestTestimonialsAPI" name="test_get_testimonials" time="0.075" /><testcase classname="tests.test_newsletter_api.TestInsightsAPI" name="test_get_insights" time="0.035" /></testsuite></testsuites>